

> ecom-client@0.1.0 build /Volumes/macdrive/harshx/Documents/GitHub/bwisher-api/Ecom-turborepo/E-commerce/apps/web
> next build

[?25l[36minfo[39m  - Linting and checking validity of types [36m.[39m[2K[1G[1A[2K[1G[36minfo[39m  - Linting and checking validity of types [36m..[39m[2K[1G[1A[2K[1G[36minfo[39m  - Linting and checking validity of types [36m...[39m[2K[1G[1A[2K[1G[?25h
[36m./src/ui/Pagination.jsx[39m
[33m25[39m:[33m6[39m  [33m[1mWarning[22m[39m: React Hook useEffect has a missing dependency: 'paginatedData'. Either include it or remove the dependency array. If 'paginatedData' changes too often, find the parent component that defines it and wrap that definition in useCallback.  [90m[1mreact-hooks/exhaustive-deps[22m[39m

[36minfo[39m  - Need to disable some ESLint rules? Learn more here: https://nextjs.org/docs/basic-features/eslint#disabling-rules
[?25l[36minfo[39m  - Linting and checking validity of types [36m.[39m[2K[1G[1A[2K[1G[?25h[36minfo[39m  - Linting and checking validity of types  
[?25l[36minfo[39m  - Creating an optimized production build [36m.[39m[2K[1G[1A[2K[1G[36minfo[39m  - Creating an optimized production build [36m..[39m[2K[1G[1A[2K[1G[36minfo[39m  - Creating an optimized production build [36m...[39m[2K[1G[1A[2K[1G[36minfo[39m  - Creating an optimized production build [36m.[39m[2K[1G[1A[2K[1G[36minfo[39m  - Creating an optimized production build [36m..[39m[2K[1G[1A[2K[1G[36minfo[39m  - Creating an optimized production build [36m...[39m[2K[1G[1A[2K[1G[36minfo[39m  - Creating an optimized production build [36m.[39m[2K[1G[1A[2K[1G[36minfo[39m  - Creating an optimized production build [36m..[39m[2K[1G[1A[2K[1G[36minfo[39m  - Creating an optimized production build [36m...[39m[2K[1G[1A[2K[1G[36minfo[39m  - Creating an optimized production build [36m.[39m[2K[1G[1A[2K[1G[36minfo[39m  - Creating an optimized production build [36m..[39m[2K[1G[1A[2K[1G[36minfo[39m  - Creating an optimized production build [36m...[39m[2K[1G[1A[2K[1G[36minfo[39m  - Creating an optimized production build [36m.[39m[2K[1G[1A[2K[1G[36minfo[39m  - Creating an optimized production build [36m..[39m[2K[1G[1A[2K[1G[36minfo[39m  - Creating an optimized production build [36m...[39m[2K[1G[1A[2K[1G[36minfo[39m  - Creating an optimized production build [36m.[39m[2K[1G[1A[2K[1G[36minfo[39m  - Creating an optimized production build [36m..[39m[2K[1G[1A[2K[1G[36minfo[39m  - Creating an optimized production build [36m...[39m[2K[1G[1A[2K[1G[36minfo[39m  - Creating an optimized production build [36m.[39m[2K[1G[1A[2K[1G[?25h[36minfo[39m  - Compiled successfully
[?25l[36minfo[39m  - Creating an optimized production build [36m.[39m[?25l[36minfo[39m  - Collecting page data [36m.[39m[2K[1G[1A[2K[1G[36minfo[39m  - Creating an optimized production build [36m..[39m[2K[1G[36minfo[39m  - Collecting page data [36m..[39m[2K[1G[1A[2K[1G[36minfo[39m  - Creating an optimized production build [36m...[39m[2K[1G[36minfo[39m  - Collecting page data [36m...[39m[2K[1G[1A[2K[1G[36minfo[39m  - Creating an optimized production build [36m.[39m[2K[1G[36minfo[39m  - Collecting page data [36m.[39m[2K[1G[1A[2K[1G[36minfo[39m  - Creating an optimized production build [36m..[39m[2K[1G[36minfo[39m  - Collecting page data [36m..[39m[2K[1G[?25h[36minfo[39m  - Collecting page data  
[?25l[36m[    ][39m [36minfo[39m  - Generating static pages (0/24)[2K[1G[?25h[2K[1G[1A[2K[1G[?25h[36minfo[39m  - Generating static pages (24/24)
[?25l[36minfo[39m  - Creating an optimized production build [36m.[39m[?25l[36minfo[39m  - Finalizing page optimization [36m.[39m[2K[1G[?25h[36minfo[39m  - Finalizing page optimization  
[2K[1G[1A[2K[1G[?25h
[?25l[36minfo[39m  - Creating an optimized production build [36m.[39m[2K[1G[1A[2K[1G[?25h[4mRoute (pages)[24m                              [4mSize[24m     [4mFirst Load JS[24m
┌ ○ /                                      11.2 kB         [31m[1m259 kB[22m[39m
├   /_app                                  0 B             [33m146 kB[39m
├ ○ /404                                   3.38 kB         [31m[1m223 kB[22m[39m
├ λ /api/hello                             0 B             [33m146 kB[39m
├ ○ /blog                                  3.32 kB         [31m[1m256 kB[22m[39m
├ ○ /blog-details                          391 B           [31m[1m232 kB[22m[39m
├ ○ /blog-details-2                        392 B           [31m[1m231 kB[22m[39m
├ λ /blog-details-2/[id]                   456 B           [31m[1m231 kB[22m[39m
├ λ /blog-details/[id]                     454 B           [31m[1m232 kB[22m[39m
├ ○ /blog-grid                             385 B           [31m[1m229 kB[22m[39m
├ ○ /blog-list                             391 B           [31m[1m229 kB[22m[39m
├ ○ /cart                                  4.11 kB         [31m[1m224 kB[22m[39m
├ ○ /checkout                              4.65 kB         [31m[1m248 kB[22m[39m
├ ○ /compare                               3.62 kB         [31m[1m223 kB[22m[39m
├ ○ /contact                               5.73 kB         [31m[1m245 kB[22m[39m
├ ○ /coupon                                3.83 kB         [31m[1m223 kB[22m[39m
├ λ /email-verify/[token]                  1.19 kB         [31m[1m209 kB[22m[39m
├ λ /forget-password/[token]               2.82 kB         [31m[1m230 kB[22m[39m
├ ○ /forgot                                5.32 kB         [31m[1m245 kB[22m[39m
├ ○ /home-2                                10.4 kB         [31m[1m263 kB[22m[39m
├ ○ /home-3                                13.4 kB         [31m[1m264 kB[22m[39m
├ ○ /home-4                                27.7 kB         [31m[1m274 kB[22m[39m
├ ○ /login                                 2.23 kB         [31m[1m246 kB[22m[39m
├ λ /order/[id]                            11.9 kB         [31m[1m232 kB[22m[39m
├ λ /product-details                       599 B           [31m[1m273 kB[22m[39m
├ ○ /product-details-countdown             574 B           [31m[1m273 kB[22m[39m
├ λ /product-details-swatches              608 B           [31m[1m273 kB[22m[39m
├ ○ /product-details-video                 571 B           [31m[1m273 kB[22m[39m
├ λ /product-details/[id]                  589 B           [31m[1m273 kB[22m[39m
├ ○ /profile                               7.57 kB         [31m[1m247 kB[22m[39m
├ ○ /register                              6.16 kB         [31m[1m245 kB[22m[39m
├ λ /search                                5.56 kB         [31m[1m225 kB[22m[39m
├ λ /shop                                  2.06 kB         [31m[1m235 kB[22m[39m
├ ○ /shop-category                         3.4 kB          [31m[1m223 kB[22m[39m
├ λ /shop-hidden-sidebar                   1.58 kB         [31m[1m235 kB[22m[39m
├ λ /shop-right-sidebar                    2.27 kB         [31m[1m236 kB[22m[39m
└ ○ /wishlist                              3.73 kB         [31m[1m223 kB[22m[39m
+ First Load JS shared by all              [31m[1m184 kB[22m[39m
  ├ chunks/framework-1cab6fce8fa7e814.js   45.2 kB
  ├ chunks/main-b4e6a156e4ea6979.js        27 kB
  ├ chunks/pages/_app-b4312152754d70c3.js  73.1 kB
  ├ chunks/webpack-cefddfb7403e4fd5.js     824 B
  └ css/33fb482c50ef69dc.css               38 kB
[?25l[36minfo[39m  - Creating an optimized production build [36m.[39m[2K[1G[1A[2K[1G[?25h
[?25l[36minfo[39m  - Creating an optimized production build [36m.[39m[2K[1G[1A[2K[1G[?25hλ  (Server)  server-side renders at runtime (uses [36mgetInitialProps[39m or [36mgetServerSideProps[39m)
○  (Static)  automatically rendered as static HTML (uses no initial props)
[?25l[36minfo[39m  - Creating an optimized production build [36m.[39m[2K[1G[1A[2K[1G[?25h
[?25l[36minfo[39m  - Creating an optimized production build [36m.[39m[2K[1G[1A[2K[1G[36minfo[39m  - Creating an optimized production build [36m..[39m[?25h
